INFO  [2025-04-22 19:06:48,096] io.dropwizard.core.server.DefaultServerFactory: Registering jersey handler with root path prefix: /
INFO  [2025-04-22 19:06:48,097] io.dropwizard.core.server.DefaultServerFactory: Registering admin handler with root path prefix: /
INFO  [2025-04-22 19:06:48,349] io.dropwizard.core.server.ServerFactory: Starting SampleAppApplication
================================================================================

                              dropwizard

================================================================================

INFO  [2025-04-22 19:06:48,395] org.eclipse.jetty.setuid.SetUIDListener: Opened application@7b25ab31{HTTP/1.1, (http/1.1)}{0.0.0.0:8080}
INFO  [2025-04-22 19:06:48,395] org.eclipse.jetty.setuid.SetUIDListener: Opened admin@2001e48c{HTTP/1.1, (http/1.1)}{0.0.0.0:8081}
INFO  [2025-04-22 19:06:48,396] org.eclipse.jetty.server.Server: jetty-10.0.25; built: 2025-03-13T00:02:39.342Z; git: 96cc25d2f26c3fb61444b801be87640e59cf380e; jvm 17.0.15+6
INFO  [2025-04-22 19:06:48,598] io.dropwizard.jersey.DropwizardResourceConfig: The following paths were found for the configured resources:

    GET     /persons (com.avg.poc.dropwizard.resources.PersonResource)
    POST    /persons (com.avg.poc.dropwizard.resources.PersonResource)
    GET     /persons/{id} (com.avg.poc.dropwizard.resources.PersonResource)

INFO  [2025-04-22 19:06:48,599] org.eclipse.jetty.server.handler.ContextHandler: Started i.d.j.MutableServletContextHandler@4e4f4092{/,null,AVAILABLE}
INFO  [2025-04-22 19:06:48,601] io.dropwizard.core.setup.AdminEnvironment: tasks = 

    POST    /tasks/log-level (io.dropwizard.servlets.tasks.LogConfigurationTask)
    POST    /tasks/gc (io.dropwizard.servlets.tasks.GarbageCollectionTask)

INFO  [2025-04-22 19:06:48,602] org.eclipse.jetty.server.handler.ContextHandler: Started i.d.j.MutableServletContextHandler@7ef41ca2{/,null,AVAILABLE}
INFO  [2025-04-22 19:06:48,606] org.eclipse.jetty.server.AbstractConnector: Started application@7b25ab31{HTTP/1.1, (http/1.1)}{0.0.0.0:8080}
INFO  [2025-04-22 19:06:48,606] org.eclipse.jetty.server.AbstractConnector: Started admin@2001e48c{HTTP/1.1, (http/1.1)}{0.0.0.0:8081}
INFO  [2025-04-22 19:06:48,607] org.eclipse.jetty.server.Server: Started Server@588545ac{STARTING}[10.0.25,sto=30000] @1107ms
ERROR [2025-04-22 19:07:51,940] io.dropwizard.jersey.errors.LoggingExceptionMapper: Error handling a request: 37b4cc382a65f47f
! org.jdbi.v3.core.statement.UnableToCreateStatementException: No setter method found for bean property [name] on [java.lang.String]
! at org.jdbi.v3.core.mapper.reflect.internal.BeanPropertiesFactory$BeanPojoProperties$BeanPojoProperty.setter(BeanPropertiesFactory.java:141)
! at org.jdbi.v3.core.mapper.reflect.internal.BeanPropertiesFactory$BeanPojoProperties$1.set(BeanPropertiesFactory.java:94)
! at org.jdbi.v3.core.mapper.reflect.internal.PojoProperties$PojoBuilder.set(PojoProperties.java:44)
! at org.jdbi.v3.core.mapper.reflect.internal.PojoMapper$BoundPojoMapper.map(PojoMapper.java:230)
! at org.jdbi.v3.core.result.internal.ResultSetResultIterator.next(ResultSetResultIterator.java:105)
! at java.base/java.util.Iterator.forEachRemaining(Iterator.java:133)
! at org.jdbi.v3.core.result.ResultIterator.forEachRemaining(ResultIterator.java:39)
! at java.base/java.util.Spliterators$IteratorSpliterator.forEachRemaining(Spliterators.java:1845)
! at java.base/java.util.stream.AbstractPipeline.copyInto(AbstractPipeline.java:509)
! at java.base/java.util.stream.AbstractPipeline.wrapAndCopyInto(AbstractPipeline.java:499)
! at java.base/java.util.stream.ReduceOps$ReduceOp.evaluateSequential(ReduceOps.java:921)
! at java.base/java.util.stream.AbstractPipeline.evaluate(AbstractPipeline.java:234)
! at java.base/java.util.stream.ReferencePipeline.collect(ReferencePipeline.java:682)
! at org.jdbi.v3.core.result.ResultIterable.collect(ResultIterable.java:341)
! at org.jdbi.v3.sqlobject.statement.internal.ResultReturner$CollectedResultReturner.mappedResult(ResultReturner.java:315)
! at org.jdbi.v3.sqlobject.statement.internal.SqlQueryHandler.lambda$configureReturner$0(SqlQueryHandler.java:65)
! at org.jdbi.v3.sqlobject.statement.internal.CustomizingStatementHandler.invoke(CustomizingStatementHandler.java:197)
! at org.jdbi.v3.sqlobject.statement.internal.SqlQueryHandler.invoke(SqlQueryHandler.java:27)
! at org.jdbi.v3.core.extension.ExtensionMetadata$ExtensionHandlerInvoker.lambda$invoke$0(ExtensionMetadata.java:345)
! at org.jdbi.v3.core.AbstractHandleSupplier.invokeInContext(AbstractHandleSupplier.java:36)
! at org.jdbi.v3.core.extension.ExtensionMetadata$ExtensionHandlerInvoker.call(ExtensionMetadata.java:363)
! at org.jdbi.v3.core.extension.ExtensionMetadata$ExtensionHandlerInvoker.invoke(ExtensionMetadata.java:346)
! at org.jdbi.v3.core.extension.ExtensionFactoryDelegate.lambda$attach$0(ExtensionFactoryDelegate.java:118)
! at org.jdbi.v3.core.internal.OnDemandExtensions.invoke(OnDemandExtensions.java:86)
! at org.jdbi.v3.core.internal.OnDemandExtensions.lambda$createProxy$2(OnDemandExtensions.java:72)
! at org.jdbi.v3.core.Jdbi.callWithExtension(Jdbi.java:557)
! at org.jdbi.v3.core.Jdbi.withExtension(Jdbi.java:544)
! at org.jdbi.v3.core.internal.OnDemandExtensions.lambda$createProxy$3(OnDemandExtensions.java:72)
! at jdk.proxy2/jdk.proxy2.$Proxy43.findAll(Unknown Source)
! at com.avg.poc.dropwizard.resources.PersonResource.getAllPersons(PersonResource.java:33)
! at java.base/jdk.internal.reflect.NativeMethodAccessorImpl.invoke0(Native Method)
! at java.base/jdk.internal.reflect.NativeMethodAccessorImpl.invoke(NativeMethodAccessorImpl.java:77)
! at java.base/jdk.internal.reflect.DelegatingMethodAccessorImpl.invoke(DelegatingMethodAccessorImpl.java:43)
! at java.base/java.lang.reflect.Method.invoke(Method.java:569)
! at org.glassfish.jersey.server.model.internal.ResourceMethodInvocationHandlerFactory.lambda$static$0(ResourceMethodInvocationHandlerFactory.java:52)
! at org.glassfish.jersey.server.model.internal.AbstractJavaResourceMethodDispatcher$1.run(AbstractJavaResourceMethodDispatcher.java:146)
! at org.glassfish.jersey.server.model.internal.AbstractJavaResourceMethodDispatcher.invoke(AbstractJavaResourceMethodDispatcher.java:189)
! at org.glassfish.jersey.server.model.internal.JavaResourceMethodDispatcherProvider$TypeOutInvoker.doDispatch(JavaResourceMethodDispatcherProvider.java:219)
! at org.glassfish.jersey.server.model.internal.AbstractJavaResourceMethodDispatcher.dispatch(AbstractJavaResourceMethodDispatcher.java:93)
! at org.glassfish.jersey.server.model.ResourceMethodInvoker.invoke(ResourceMethodInvoker.java:478)
! at org.glassfish.jersey.server.model.ResourceMethodInvoker.apply(ResourceMethodInvoker.java:400)
! at org.glassfish.jersey.server.model.ResourceMethodInvoker.apply(ResourceMethodInvoker.java:81)
! at org.glassfish.jersey.server.ServerRuntime$1.run(ServerRuntime.java:256)
! at org.glassfish.jersey.internal.Errors$1.call(Errors.java:248)
! at org.glassfish.jersey.internal.Errors$1.call(Errors.java:244)
! at org.glassfish.jersey.internal.Errors.process(Errors.java:292)
! at org.glassfish.jersey.internal.Errors.process(Errors.java:274)
! at org.glassfish.jersey.internal.Errors.process(Errors.java:244)
! at org.glassfish.jersey.process.internal.RequestScope.runInScope(RequestScope.java:265)
! at org.glassfish.jersey.server.ServerRuntime.process(ServerRuntime.java:235)
! at org.glassfish.jersey.server.ApplicationHandler.handle(ApplicationHandler.java:684)
! at org.glassfish.jersey.servlet.WebComponent.serviceImpl(WebComponent.java:397)
! at org.glassfish.jersey.servlet.WebComponent.service(WebComponent.java:349)
! at org.glassfish.jersey.servlet.ServletContainer.service(ServletContainer.java:379)
! at org.glassfish.jersey.servlet.ServletContainer.service(ServletContainer.java:312)
! at org.glassfish.jersey.servlet.ServletContainer.service(ServletContainer.java:205)
! at org.eclipse.jetty.servlet.ServletHolder.handle(ServletHolder.java:764)
! at org.eclipse.jetty.servlet.ServletHandler$ChainEnd.doFilter(ServletHandler.java:1665)
! at io.dropwizard.servlets.ThreadNameFilter.doFilter(ThreadNameFilter.java:35)
! at org.eclipse.jetty.servlet.FilterHolder.doFilter(FilterHolder.java:202)
! at org.eclipse.jetty.servlet.ServletHandler$Chain.doFilter(ServletHandler.java:1635)
! at io.dropwizard.jersey.filter.AllowedMethodsFilter.handle(AllowedMethodsFilter.java:46)
! at io.dropwizard.jersey.filter.AllowedMethodsFilter.doFilter(AllowedMethodsFilter.java:40)
! at org.eclipse.jetty.servlet.FilterHolder.doFilter(FilterHolder.java:202)
! at org.eclipse.jetty.servlet.ServletHandler$Chain.doFilter(ServletHandler.java:1635)
! at org.eclipse.jetty.servlet.ServletHandler.doHandle(ServletHandler.java:527)
! at org.eclipse.jetty.server.handler.ScopedHandler.nextHandle(ScopedHandler.java:221)
! at org.eclipse.jetty.server.handler.ContextHandler.doHandle(ContextHandler.java:1384)
! at org.eclipse.jetty.server.handler.ScopedHandler.nextScope(ScopedHandler.java:176)
! at org.eclipse.jetty.servlet.ServletHandler.doScope(ServletHandler.java:484)
! at org.eclipse.jetty.server.handler.ScopedHandler.nextScope(ScopedHandler.java:174)
! at org.eclipse.jetty.server.handler.ContextHandler.doScope(ContextHandler.java:1306)
! at org.eclipse.jetty.server.handler.ScopedHandler.handle(ScopedHandler.java:129)
! at org.eclipse.jetty.server.handler.HandlerWrapper.handle(HandlerWrapper.java:122)
! at io.dropwizard.metrics.jetty10.InstrumentedHandler.handle(InstrumentedHandler.java:314)
! at io.dropwizard.jetty.RoutingHandler.handle(RoutingHandler.java:52)
! at org.eclipse.jetty.server.handler.HandlerWrapper.handle(HandlerWrapper.java:122)
! at org.eclipse.jetty.server.handler.gzip.GzipHandler.handle(GzipHandler.java:822)
! at io.dropwizard.jetty.ZipExceptionHandlingGzipHandler.handle(ZipExceptionHandlingGzipHandler.java:26)
! at org.eclipse.jetty.server.handler.RequestLogHandler.handle(RequestLogHandler.java:46)
! at org.eclipse.jetty.server.handler.StatisticsHandler.handle(StatisticsHandler.java:173)
! at org.eclipse.jetty.server.handler.HandlerWrapper.handle(HandlerWrapper.java:122)
! at org.eclipse.jetty.server.Server.handle(Server.java:563)
! at org.eclipse.jetty.server.HttpChannel$RequestDispatchable.dispatch(HttpChannel.java:1598)
! at org.eclipse.jetty.server.HttpChannel.dispatch(HttpChannel.java:753)
! at org.eclipse.jetty.server.HttpChannel.handle(HttpChannel.java:501)
! at org.eclipse.jetty.server.HttpConnection.onFillable(HttpConnection.java:287)
! at org.eclipse.jetty.io.AbstractConnection$ReadCallback.succeeded(AbstractConnection.java:314)
! at org.eclipse.jetty.io.FillInterest.fillable(FillInterest.java:100)
! at org.eclipse.jetty.io.SelectableChannelEndPoint$1.run(SelectableChannelEndPoint.java:53)
! at org.eclipse.jetty.util.thread.strategy.AdaptiveExecutionStrategy.runTask(AdaptiveExecutionStrategy.java:421)
! at org.eclipse.jetty.util.thread.strategy.AdaptiveExecutionStrategy.consumeTask(AdaptiveExecutionStrategy.java:390)
! at org.eclipse.jetty.util.thread.strategy.AdaptiveExecutionStrategy.tryProduce(AdaptiveExecutionStrategy.java:277)
! at org.eclipse.jetty.util.thread.strategy.AdaptiveExecutionStrategy.produce(AdaptiveExecutionStrategy.java:193)
! at org.eclipse.jetty.util.thread.QueuedThreadPool.runJob(QueuedThreadPool.java:969)
! at org.eclipse.jetty.util.thread.QueuedThreadPool$Runner.doRunJob(QueuedThreadPool.java:1194)
! at org.eclipse.jetty.util.thread.QueuedThreadPool$Runner.run(QueuedThreadPool.java:1149)
! at java.base/java.lang.Thread.run(Thread.java:840)
INFO  [2025-04-22 19:10:11,199] org.eclipse.jetty.server.Server: Stopped Server@588545ac{STOPPING}[10.0.25,sto=30000]
INFO  [2025-04-22 19:10:11,200] org.eclipse.jetty.server.Server: Shutdown Server@588545ac{STOPPING}[10.0.25,sto=30000]
INFO  [2025-04-22 19:10:11,206] org.eclipse.jetty.server.AbstractConnector: Stopped application@7b25ab31{HTTP/1.1, (http/1.1)}{0.0.0.0:8080}
INFO  [2025-04-22 19:10:11,207] org.eclipse.jetty.server.AbstractConnector: Stopped admin@2001e48c{HTTP/1.1, (http/1.1)}{0.0.0.0:8081}
INFO  [2025-04-22 19:10:11,208] org.eclipse.jetty.server.handler.ContextHandler: Stopped i.d.j.MutableServletContextHandler@7ef41ca2{/,null,STOPPED}
INFO  [2025-04-22 19:10:11,212] org.eclipse.jetty.server.handler.ContextHandler: Stopped i.d.j.MutableServletContextHandler@4e4f4092{/,null,STOPPED}
INFO  [2025-04-22 19:10:58,014] io.dropwizard.core.server.DefaultServerFactory: Registering jersey handler with root path prefix: /
INFO  [2025-04-22 19:10:58,015] io.dropwizard.core.server.DefaultServerFactory: Registering admin handler with root path prefix: /
INFO  [2025-04-22 19:10:58,286] io.dropwizard.core.server.ServerFactory: Starting SampleAppApplication
================================================================================

                              dropwizard

================================================================================

INFO  [2025-04-22 19:10:58,339] org.eclipse.jetty.setuid.SetUIDListener: Opened application@7b25ab31{HTTP/1.1, (http/1.1)}{0.0.0.0:8080}
INFO  [2025-04-22 19:10:58,339] org.eclipse.jetty.setuid.SetUIDListener: Opened admin@2001e48c{HTTP/1.1, (http/1.1)}{0.0.0.0:8081}
INFO  [2025-04-22 19:10:58,340] org.eclipse.jetty.server.Server: jetty-10.0.25; built: 2025-03-13T00:02:39.342Z; git: 96cc25d2f26c3fb61444b801be87640e59cf380e; jvm 17.0.15+6
INFO  [2025-04-22 19:10:58,556] io.dropwizard.jersey.DropwizardResourceConfig: The following paths were found for the configured resources:

    GET     /persons (com.avg.poc.dropwizard.resources.PersonResource)
    POST    /persons (com.avg.poc.dropwizard.resources.PersonResource)
    GET     /persons/{id} (com.avg.poc.dropwizard.resources.PersonResource)

INFO  [2025-04-22 19:10:58,557] org.eclipse.jetty.server.handler.ContextHandler: Started i.d.j.MutableServletContextHandler@4e4f4092{/,null,AVAILABLE}
INFO  [2025-04-22 19:10:58,559] io.dropwizard.core.setup.AdminEnvironment: tasks = 

    POST    /tasks/log-level (io.dropwizard.servlets.tasks.LogConfigurationTask)
    POST    /tasks/gc (io.dropwizard.servlets.tasks.GarbageCollectionTask)

INFO  [2025-04-22 19:10:58,560] org.eclipse.jetty.server.handler.ContextHandler: Started i.d.j.MutableServletContextHandler@7ef41ca2{/,null,AVAILABLE}
INFO  [2025-04-22 19:10:58,564] org.eclipse.jetty.server.AbstractConnector: Started application@7b25ab31{HTTP/1.1, (http/1.1)}{0.0.0.0:8080}
INFO  [2025-04-22 19:10:58,565] org.eclipse.jetty.server.AbstractConnector: Started admin@2001e48c{HTTP/1.1, (http/1.1)}{0.0.0.0:8081}
INFO  [2025-04-22 19:10:58,566] org.eclipse.jetty.server.Server: Started Server@588545ac{STARTING}[10.0.25,sto=30000] @1176ms
ERROR [2025-04-22 19:11:32,238] io.dropwizard.jersey.errors.LoggingExceptionMapper: Error handling a request: 57d0a444a4bb32ed
! org.h2.jdbc.JdbcSQLIntegrityConstraintViolationException: Unique index or primary key violation: "PRIMARY KEY ON PUBLIC.PERSONS(ID) ( /* key:0 */ 0, 'John Doe', 'john@example.com')"; SQL statement:
! /* PersonDAO.insert */ INSERT INTO persons (id, name,  [23505-224]
! at org.h2.message.DbException.getJdbcSQLException(DbException.java:520)
! at org.h2.message.DbException.getJdbcSQLException(DbException.java:489)
! at org.h2.message.DbException.get(DbException.java:223)
! at org.h2.message.DbException.get(DbException.java:199)
! at org.h2.mvstore.db.MVPrimaryIndex.add(MVPrimaryIndex.java:120)
! at org.h2.mvstore.db.MVTable.addRow(MVTable.java:519)
! at org.h2.command.dml.Insert.insertRows(Insert.java:174)
! at org.h2.command.dml.Insert.update(Insert.java:135)
! at org.h2.command.dml.DataChangeStatement.update(DataChangeStatement.java:74)
! at org.h2.command.CommandContainer.update(CommandContainer.java:169)
! at org.h2.command.Command.executeUpdate(Command.java:256)
! at org.h2.jdbc.JdbcPreparedStatement.execute(JdbcPreparedStatement.java:265)
! at java.base/jdk.internal.reflect.NativeMethodAccessorImpl.invoke0(Native Method)
! at java.base/jdk.internal.reflect.NativeMethodAccessorImpl.invoke(NativeMethodAccessorImpl.java:77)
! at java.base/jdk.internal.reflect.DelegatingMethodAccessorImpl.invoke(DelegatingMethodAccessorImpl.java:43)
! at java.base/java.lang.reflect.Method.invoke(Method.java:569)
! at org.apache.tomcat.jdbc.pool.StatementFacade$StatementProxy.invoke(StatementFacade.java:123)
! at jdk.proxy2/jdk.proxy2.$Proxy65.execute(Unknown Source)
! at org.jdbi.v3.core.statement.SqlLoggerUtil.wrap(SqlLoggerUtil.java:32)
! at org.jdbi.v3.core.statement.SqlStatement.internalExecute(SqlStatement.java:1823)
! ... 86 common frames omitted
! Causing: org.jdbi.v3.core.statement.UnableToExecuteStatementException: org.h2.jdbc.JdbcSQLIntegrityConstraintViolationException: Unique index or primary key violation: "PRIMARY KEY ON PUBLIC.PERSONS(ID) ( /* key:0 */ 0, 'John Doe', 'john@example.com')"; SQL statement:
! /* PersonDAO.insert */ INSERT INTO persons (id, name,  [23505-224] [statement:"/* PersonDAO.insert */ INSERT INTO persons (id, name, email) VALUES (:id, :name, :email)", arguments:{finder:[{lazy bean property arguments "com.avg.poc.dropwizard.db.Person@7770b34d"}}}]
! at org.jdbi.v3.core.statement.SqlStatement.internalExecute(SqlStatement.java:1825)
! at org.jdbi.v3.core.result.ResultProducers.lambda$returningUpdateCount$0(ResultProducers.java:50)
! at org.jdbi.v3.core.statement.Update.execute(Update.java:69)
! at org.jdbi.v3.core.statement.Update.execute(Update.java:57)
! at org.jdbi.v3.sqlobject.statement.internal.SqlUpdateHandler.lambda$configureReturner$2(SqlUpdateHandler.java:95)
! at org.jdbi.v3.sqlobject.statement.internal.CustomizingStatementHandler.invoke(CustomizingStatementHandler.java:197)
! at org.jdbi.v3.sqlobject.statement.internal.SqlUpdateHandler.invoke(SqlUpdateHandler.java:34)
! at org.jdbi.v3.core.extension.ExtensionMetadata$ExtensionHandlerInvoker.lambda$invoke$0(ExtensionMetadata.java:345)
! at org.jdbi.v3.core.AbstractHandleSupplier.invokeInContext(AbstractHandleSupplier.java:36)
! at org.jdbi.v3.core.extension.ExtensionMetadata$ExtensionHandlerInvoker.call(ExtensionMetadata.java:363)
! at org.jdbi.v3.core.extension.ExtensionMetadata$ExtensionHandlerInvoker.invoke(ExtensionMetadata.java:346)
! at org.jdbi.v3.core.extension.ExtensionFactoryDelegate.lambda$attach$0(ExtensionFactoryDelegate.java:118)
! at org.jdbi.v3.core.internal.OnDemandExtensions.invoke(OnDemandExtensions.java:86)
! at org.jdbi.v3.core.internal.OnDemandExtensions.lambda$createProxy$2(OnDemandExtensions.java:72)
! at org.jdbi.v3.core.Jdbi.callWithExtension(Jdbi.java:557)
! at org.jdbi.v3.core.Jdbi.withExtension(Jdbi.java:544)
! at org.jdbi.v3.core.internal.OnDemandExtensions.lambda$createProxy$3(OnDemandExtensions.java:72)
! at jdk.proxy2/jdk.proxy2.$Proxy43.insert(Unknown Source)
! at com.avg.poc.dropwizard.resources.PersonResource.insertPerson(PersonResource.java:22)
! at java.base/jdk.internal.reflect.NativeMethodAccessorImpl.invoke0(Native Method)
! at java.base/jdk.internal.reflect.NativeMethodAccessorImpl.invoke(NativeMethodAccessorImpl.java:77)
! at java.base/jdk.internal.reflect.DelegatingMethodAccessorImpl.invoke(DelegatingMethodAccessorImpl.java:43)
! at java.base/java.lang.reflect.Method.invoke(Method.java:569)
! at org.glassfish.jersey.server.model.internal.ResourceMethodInvocationHandlerFactory.lambda$static$0(ResourceMethodInvocationHandlerFactory.java:52)
! at org.glassfish.jersey.server.model.internal.AbstractJavaResourceMethodDispatcher$1.run(AbstractJavaResourceMethodDispatcher.java:146)
! at org.glassfish.jersey.server.model.internal.AbstractJavaResourceMethodDispatcher.invoke(AbstractJavaResourceMethodDispatcher.java:189)
! at org.glassfish.jersey.server.model.internal.JavaResourceMethodDispatcherProvider$VoidOutInvoker.doDispatch(JavaResourceMethodDispatcherProvider.java:159)
! at org.glassfish.jersey.server.model.internal.AbstractJavaResourceMethodDispatcher.dispatch(AbstractJavaResourceMethodDispatcher.java:93)
! at org.glassfish.jersey.server.model.ResourceMethodInvoker.invoke(ResourceMethodInvoker.java:478)
! at org.glassfish.jersey.server.model.ResourceMethodInvoker.apply(ResourceMethodInvoker.java:400)
! at org.glassfish.jersey.server.model.ResourceMethodInvoker.apply(ResourceMethodInvoker.java:81)
! at org.glassfish.jersey.server.ServerRuntime$1.run(ServerRuntime.java:256)
! at org.glassfish.jersey.internal.Errors$1.call(Errors.java:248)
! at org.glassfish.jersey.internal.Errors$1.call(Errors.java:244)
! at org.glassfish.jersey.internal.Errors.process(Errors.java:292)
! at org.glassfish.jersey.internal.Errors.process(Errors.java:274)
! at org.glassfish.jersey.internal.Errors.process(Errors.java:244)
! at org.glassfish.jersey.process.internal.RequestScope.runInScope(RequestScope.java:265)
! at org.glassfish.jersey.server.ServerRuntime.process(ServerRuntime.java:235)
! at org.glassfish.jersey.server.ApplicationHandler.handle(ApplicationHandler.java:684)
! at org.glassfish.jersey.servlet.WebComponent.serviceImpl(WebComponent.java:397)
! at org.glassfish.jersey.servlet.WebComponent.service(WebComponent.java:349)
! at org.glassfish.jersey.servlet.ServletContainer.service(ServletContainer.java:379)
! at org.glassfish.jersey.servlet.ServletContainer.service(ServletContainer.java:312)
! at org.glassfish.jersey.servlet.ServletContainer.service(ServletContainer.java:205)
! at org.eclipse.jetty.servlet.ServletHolder.handle(ServletHolder.java:764)
! at org.eclipse.jetty.servlet.ServletHandler$ChainEnd.doFilter(ServletHandler.java:1665)
! at io.dropwizard.servlets.ThreadNameFilter.doFilter(ThreadNameFilter.java:35)
! at org.eclipse.jetty.servlet.FilterHolder.doFilter(FilterHolder.java:202)
! at org.eclipse.jetty.servlet.ServletHandler$Chain.doFilter(ServletHandler.java:1635)
! at io.dropwizard.jersey.filter.AllowedMethodsFilter.handle(AllowedMethodsFilter.java:46)
! at io.dropwizard.jersey.filter.AllowedMethodsFilter.doFilter(AllowedMethodsFilter.java:40)
! at org.eclipse.jetty.servlet.FilterHolder.doFilter(FilterHolder.java:202)
! at org.eclipse.jetty.servlet.ServletHandler$Chain.doFilter(ServletHandler.java:1635)
! at org.eclipse.jetty.servlet.ServletHandler.doHandle(ServletHandler.java:527)
! at org.eclipse.jetty.server.handler.ScopedHandler.nextHandle(ScopedHandler.java:221)
! at org.eclipse.jetty.server.handler.ContextHandler.doHandle(ContextHandler.java:1384)
! at org.eclipse.jetty.server.handler.ScopedHandler.nextScope(ScopedHandler.java:176)
! at org.eclipse.jetty.servlet.ServletHandler.doScope(ServletHandler.java:484)
! at org.eclipse.jetty.server.handler.ScopedHandler.nextScope(ScopedHandler.java:174)
! at org.eclipse.jetty.server.handler.ContextHandler.doScope(ContextHandler.java:1306)
! at org.eclipse.jetty.server.handler.ScopedHandler.handle(ScopedHandler.java:129)
! at org.eclipse.jetty.server.handler.HandlerWrapper.handle(HandlerWrapper.java:122)
! at io.dropwizard.metrics.jetty10.InstrumentedHandler.handle(InstrumentedHandler.java:314)
! at io.dropwizard.jetty.RoutingHandler.handle(RoutingHandler.java:52)
! at org.eclipse.jetty.server.handler.HandlerWrapper.handle(HandlerWrapper.java:122)
! at org.eclipse.jetty.server.handler.gzip.GzipHandler.handle(GzipHandler.java:822)
! at io.dropwizard.jetty.ZipExceptionHandlingGzipHandler.handle(ZipExceptionHandlingGzipHandler.java:26)
! at org.eclipse.jetty.server.handler.RequestLogHandler.handle(RequestLogHandler.java:46)
! at org.eclipse.jetty.server.handler.StatisticsHandler.handle(StatisticsHandler.java:173)
! at org.eclipse.jetty.server.handler.HandlerWrapper.handle(HandlerWrapper.java:122)
! at org.eclipse.jetty.server.Server.handle(Server.java:563)
! at org.eclipse.jetty.server.HttpChannel$RequestDispatchable.dispatch(HttpChannel.java:1598)
! at org.eclipse.jetty.server.HttpChannel.dispatch(HttpChannel.java:753)
! at org.eclipse.jetty.server.HttpChannel.handle(HttpChannel.java:501)
! at org.eclipse.jetty.server.HttpConnection.onFillable(HttpConnection.java:287)
! at org.eclipse.jetty.io.AbstractConnection$ReadCallback.succeeded(AbstractConnection.java:314)
! at org.eclipse.jetty.io.FillInterest.fillable(FillInterest.java:100)
! at org.eclipse.jetty.io.SelectableChannelEndPoint$1.run(SelectableChannelEndPoint.java:53)
! at org.eclipse.jetty.util.thread.strategy.AdaptiveExecutionStrategy.runTask(AdaptiveExecutionStrategy.java:421)
! at org.eclipse.jetty.util.thread.strategy.AdaptiveExecutionStrategy.consumeTask(AdaptiveExecutionStrategy.java:390)
! at org.eclipse.jetty.util.thread.strategy.AdaptiveExecutionStrategy.tryProduce(AdaptiveExecutionStrategy.java:277)
! at org.eclipse.jetty.util.thread.strategy.AdaptiveExecutionStrategy.produce(AdaptiveExecutionStrategy.java:193)
! at org.eclipse.jetty.util.thread.QueuedThreadPool.runJob(QueuedThreadPool.java:969)
! at org.eclipse.jetty.util.thread.QueuedThreadPool$Runner.doRunJob(QueuedThreadPool.java:1194)
! at org.eclipse.jetty.util.thread.QueuedThreadPool$Runner.run(QueuedThreadPool.java:1149)
! at java.base/java.lang.Thread.run(Thread.java:840)
ERROR [2025-04-22 19:11:39,395] io.dropwizard.jersey.errors.LoggingExceptionMapper: Error handling a request: 48cfb222e0ef4c2c
! org.h2.jdbc.JdbcSQLIntegrityConstraintViolationException: Unique index or primary key violation: "PRIMARY KEY ON PUBLIC.PERSONS(ID) ( /* key:0 */ 0, 'John Doe', 'john@example.com')"; SQL statement:
! /* PersonDAO.insert */ INSERT INTO persons (id, name,  [23505-224]
! at org.h2.message.DbException.getJdbcSQLException(DbException.java:520)
! at org.h2.message.DbException.getJdbcSQLException(DbException.java:489)
! at org.h2.message.DbException.get(DbException.java:223)
! at org.h2.message.DbException.get(DbException.java:199)
! at org.h2.mvstore.db.MVPrimaryIndex.add(MVPrimaryIndex.java:120)
! at org.h2.mvstore.db.MVTable.addRow(MVTable.java:519)
! at org.h2.command.dml.Insert.insertRows(Insert.java:174)
! at org.h2.command.dml.Insert.update(Insert.java:135)
! at org.h2.command.dml.DataChangeStatement.update(DataChangeStatement.java:74)
! at org.h2.command.CommandContainer.update(CommandContainer.java:169)
! at org.h2.command.Command.executeUpdate(Command.java:256)
! at org.h2.jdbc.JdbcPreparedStatement.execute(JdbcPreparedStatement.java:265)
! at java.base/jdk.internal.reflect.NativeMethodAccessorImpl.invoke0(Native Method)
! at java.base/jdk.internal.reflect.NativeMethodAccessorImpl.invoke(NativeMethodAccessorImpl.java:77)
! at java.base/jdk.internal.reflect.DelegatingMethodAccessorImpl.invoke(DelegatingMethodAccessorImpl.java:43)
! at java.base/java.lang.reflect.Method.invoke(Method.java:569)
! at org.apache.tomcat.jdbc.pool.StatementFacade$StatementProxy.invoke(StatementFacade.java:123)
! at jdk.proxy2/jdk.proxy2.$Proxy65.execute(Unknown Source)
! at org.jdbi.v3.core.statement.SqlLoggerUtil.wrap(SqlLoggerUtil.java:32)
! at org.jdbi.v3.core.statement.SqlStatement.internalExecute(SqlStatement.java:1823)
! ... 86 common frames omitted
! Causing: org.jdbi.v3.core.statement.UnableToExecuteStatementException: org.h2.jdbc.JdbcSQLIntegrityConstraintViolationException: Unique index or primary key violation: "PRIMARY KEY ON PUBLIC.PERSONS(ID) ( /* key:0 */ 0, 'John Doe', 'john@example.com')"; SQL statement:
! /* PersonDAO.insert */ INSERT INTO persons (id, name,  [23505-224] [statement:"/* PersonDAO.insert */ INSERT INTO persons (id, name, email) VALUES (:id, :name, :email)", arguments:{finder:[{lazy bean property arguments "com.avg.poc.dropwizard.db.Person@e3b20d1"}}}]
! at org.jdbi.v3.core.statement.SqlStatement.internalExecute(SqlStatement.java:1825)
! at org.jdbi.v3.core.result.ResultProducers.lambda$returningUpdateCount$0(ResultProducers.java:50)
! at org.jdbi.v3.core.statement.Update.execute(Update.java:69)
! at org.jdbi.v3.core.statement.Update.execute(Update.java:57)
! at org.jdbi.v3.sqlobject.statement.internal.SqlUpdateHandler.lambda$configureReturner$2(SqlUpdateHandler.java:95)
! at org.jdbi.v3.sqlobject.statement.internal.CustomizingStatementHandler.invoke(CustomizingStatementHandler.java:197)
! at org.jdbi.v3.sqlobject.statement.internal.SqlUpdateHandler.invoke(SqlUpdateHandler.java:34)
! at org.jdbi.v3.core.extension.ExtensionMetadata$ExtensionHandlerInvoker.lambda$invoke$0(ExtensionMetadata.java:345)
! at org.jdbi.v3.core.AbstractHandleSupplier.invokeInContext(AbstractHandleSupplier.java:36)
! at org.jdbi.v3.core.extension.ExtensionMetadata$ExtensionHandlerInvoker.call(ExtensionMetadata.java:363)
! at org.jdbi.v3.core.extension.ExtensionMetadata$ExtensionHandlerInvoker.invoke(ExtensionMetadata.java:346)
! at org.jdbi.v3.core.extension.ExtensionFactoryDelegate.lambda$attach$0(ExtensionFactoryDelegate.java:118)
! at org.jdbi.v3.core.internal.OnDemandExtensions.invoke(OnDemandExtensions.java:86)
! at org.jdbi.v3.core.internal.OnDemandExtensions.lambda$createProxy$2(OnDemandExtensions.java:72)
! at org.jdbi.v3.core.Jdbi.callWithExtension(Jdbi.java:557)
! at org.jdbi.v3.core.Jdbi.withExtension(Jdbi.java:544)
! at org.jdbi.v3.core.internal.OnDemandExtensions.lambda$createProxy$3(OnDemandExtensions.java:72)
! at jdk.proxy2/jdk.proxy2.$Proxy43.insert(Unknown Source)
! at com.avg.poc.dropwizard.resources.PersonResource.insertPerson(PersonResource.java:22)
! at java.base/jdk.internal.reflect.NativeMethodAccessorImpl.invoke0(Native Method)
! at java.base/jdk.internal.reflect.NativeMethodAccessorImpl.invoke(NativeMethodAccessorImpl.java:77)
! at java.base/jdk.internal.reflect.DelegatingMethodAccessorImpl.invoke(DelegatingMethodAccessorImpl.java:43)
! at java.base/java.lang.reflect.Method.invoke(Method.java:569)
! at org.glassfish.jersey.server.model.internal.ResourceMethodInvocationHandlerFactory.lambda$static$0(ResourceMethodInvocationHandlerFactory.java:52)
! at org.glassfish.jersey.server.model.internal.AbstractJavaResourceMethodDispatcher$1.run(AbstractJavaResourceMethodDispatcher.java:146)
! at org.glassfish.jersey.server.model.internal.AbstractJavaResourceMethodDispatcher.invoke(AbstractJavaResourceMethodDispatcher.java:189)
! at org.glassfish.jersey.server.model.internal.JavaResourceMethodDispatcherProvider$VoidOutInvoker.doDispatch(JavaResourceMethodDispatcherProvider.java:159)
! at org.glassfish.jersey.server.model.internal.AbstractJavaResourceMethodDispatcher.dispatch(AbstractJavaResourceMethodDispatcher.java:93)
! at org.glassfish.jersey.server.model.ResourceMethodInvoker.invoke(ResourceMethodInvoker.java:478)
! at org.glassfish.jersey.server.model.ResourceMethodInvoker.apply(ResourceMethodInvoker.java:400)
! at org.glassfish.jersey.server.model.ResourceMethodInvoker.apply(ResourceMethodInvoker.java:81)
! at org.glassfish.jersey.server.ServerRuntime$1.run(ServerRuntime.java:256)
! at org.glassfish.jersey.internal.Errors$1.call(Errors.java:248)
! at org.glassfish.jersey.internal.Errors$1.call(Errors.java:244)
! at org.glassfish.jersey.internal.Errors.process(Errors.java:292)
! at org.glassfish.jersey.internal.Errors.process(Errors.java:274)
! at org.glassfish.jersey.internal.Errors.process(Errors.java:244)
! at org.glassfish.jersey.process.internal.RequestScope.runInScope(RequestScope.java:265)
! at org.glassfish.jersey.server.ServerRuntime.process(ServerRuntime.java:235)
! at org.glassfish.jersey.server.ApplicationHandler.handle(ApplicationHandler.java:684)
! at org.glassfish.jersey.servlet.WebComponent.serviceImpl(WebComponent.java:397)
! at org.glassfish.jersey.servlet.WebComponent.service(WebComponent.java:349)
! at org.glassfish.jersey.servlet.ServletContainer.service(ServletContainer.java:379)
! at org.glassfish.jersey.servlet.ServletContainer.service(ServletContainer.java:312)
! at org.glassfish.jersey.servlet.ServletContainer.service(ServletContainer.java:205)
! at org.eclipse.jetty.servlet.ServletHolder.handle(ServletHolder.java:764)
! at org.eclipse.jetty.servlet.ServletHandler$ChainEnd.doFilter(ServletHandler.java:1665)
! at io.dropwizard.servlets.ThreadNameFilter.doFilter(ThreadNameFilter.java:35)
! at org.eclipse.jetty.servlet.FilterHolder.doFilter(FilterHolder.java:202)
! at org.eclipse.jetty.servlet.ServletHandler$Chain.doFilter(ServletHandler.java:1635)
! at io.dropwizard.jersey.filter.AllowedMethodsFilter.handle(AllowedMethodsFilter.java:46)
! at io.dropwizard.jersey.filter.AllowedMethodsFilter.doFilter(AllowedMethodsFilter.java:40)
! at org.eclipse.jetty.servlet.FilterHolder.doFilter(FilterHolder.java:202)
! at org.eclipse.jetty.servlet.ServletHandler$Chain.doFilter(ServletHandler.java:1635)
! at org.eclipse.jetty.servlet.ServletHandler.doHandle(ServletHandler.java:527)
! at org.eclipse.jetty.server.handler.ScopedHandler.nextHandle(ScopedHandler.java:221)
! at org.eclipse.jetty.server.handler.ContextHandler.doHandle(ContextHandler.java:1384)
! at org.eclipse.jetty.server.handler.ScopedHandler.nextScope(ScopedHandler.java:176)
! at org.eclipse.jetty.servlet.ServletHandler.doScope(ServletHandler.java:484)
! at org.eclipse.jetty.server.handler.ScopedHandler.nextScope(ScopedHandler.java:174)
! at org.eclipse.jetty.server.handler.ContextHandler.doScope(ContextHandler.java:1306)
! at org.eclipse.jetty.server.handler.ScopedHandler.handle(ScopedHandler.java:129)
! at org.eclipse.jetty.server.handler.HandlerWrapper.handle(HandlerWrapper.java:122)
! at io.dropwizard.metrics.jetty10.InstrumentedHandler.handle(InstrumentedHandler.java:314)
! at io.dropwizard.jetty.RoutingHandler.handle(RoutingHandler.java:52)
! at org.eclipse.jetty.server.handler.HandlerWrapper.handle(HandlerWrapper.java:122)
! at org.eclipse.jetty.server.handler.gzip.GzipHandler.handle(GzipHandler.java:822)
! at io.dropwizard.jetty.ZipExceptionHandlingGzipHandler.handle(ZipExceptionHandlingGzipHandler.java:26)
! at org.eclipse.jetty.server.handler.RequestLogHandler.handle(RequestLogHandler.java:46)
! at org.eclipse.jetty.server.handler.StatisticsHandler.handle(StatisticsHandler.java:173)
! at org.eclipse.jetty.server.handler.HandlerWrapper.handle(HandlerWrapper.java:122)
! at org.eclipse.jetty.server.Server.handle(Server.java:563)
! at org.eclipse.jetty.server.HttpChannel$RequestDispatchable.dispatch(HttpChannel.java:1598)
! at org.eclipse.jetty.server.HttpChannel.dispatch(HttpChannel.java:753)
! at org.eclipse.jetty.server.HttpChannel.handle(HttpChannel.java:501)
! at org.eclipse.jetty.server.HttpConnection.onFillable(HttpConnection.java:287)
! at org.eclipse.jetty.io.AbstractConnection$ReadCallback.succeeded(AbstractConnection.java:314)
! at org.eclipse.jetty.io.FillInterest.fillable(FillInterest.java:100)
! at org.eclipse.jetty.io.SelectableChannelEndPoint$1.run(SelectableChannelEndPoint.java:53)
! at org.eclipse.jetty.util.thread.strategy.AdaptiveExecutionStrategy.runTask(AdaptiveExecutionStrategy.java:421)
! at org.eclipse.jetty.util.thread.strategy.AdaptiveExecutionStrategy.consumeTask(AdaptiveExecutionStrategy.java:390)
! at org.eclipse.jetty.util.thread.strategy.AdaptiveExecutionStrategy.tryProduce(AdaptiveExecutionStrategy.java:277)
! at org.eclipse.jetty.util.thread.strategy.AdaptiveExecutionStrategy.produce(AdaptiveExecutionStrategy.java:193)
! at org.eclipse.jetty.util.thread.QueuedThreadPool.runJob(QueuedThreadPool.java:969)
! at org.eclipse.jetty.util.thread.QueuedThreadPool$Runner.doRunJob(QueuedThreadPool.java:1194)
! at org.eclipse.jetty.util.thread.QueuedThreadPool$Runner.run(QueuedThreadPool.java:1149)
! at java.base/java.lang.Thread.run(Thread.java:840)
ERROR [2025-04-22 19:12:11,136] io.dropwizard.jersey.errors.LoggingExceptionMapper: Error handling a request: f9019feab8fa8966
! org.jdbi.v3.core.statement.UnableToCreateStatementException: No setter method found for bean property [name] on [java.lang.String]
! at org.jdbi.v3.core.mapper.reflect.internal.BeanPropertiesFactory$BeanPojoProperties$BeanPojoProperty.setter(BeanPropertiesFactory.java:141)
! at org.jdbi.v3.core.mapper.reflect.internal.BeanPropertiesFactory$BeanPojoProperties$1.set(BeanPropertiesFactory.java:94)
! at org.jdbi.v3.core.mapper.reflect.internal.PojoProperties$PojoBuilder.set(PojoProperties.java:44)
! at org.jdbi.v3.core.mapper.reflect.internal.PojoMapper$BoundPojoMapper.map(PojoMapper.java:230)
! at org.jdbi.v3.core.result.internal.ResultSetResultIterator.next(ResultSetResultIterator.java:105)
! at java.base/java.util.Iterator.forEachRemaining(Iterator.java:133)
! at org.jdbi.v3.core.result.ResultIterator.forEachRemaining(ResultIterator.java:39)
! at java.base/java.util.Spliterators$IteratorSpliterator.forEachRemaining(Spliterators.java:1845)
! at java.base/java.util.stream.AbstractPipeline.copyInto(AbstractPipeline.java:509)
! at java.base/java.util.stream.AbstractPipeline.wrapAndCopyInto(AbstractPipeline.java:499)
! at java.base/java.util.stream.ReduceOps$ReduceOp.evaluateSequential(ReduceOps.java:921)
! at java.base/java.util.stream.AbstractPipeline.evaluate(AbstractPipeline.java:234)
! at java.base/java.util.stream.ReferencePipeline.collect(ReferencePipeline.java:682)
! at org.jdbi.v3.core.result.ResultIterable.collect(ResultIterable.java:341)
! at org.jdbi.v3.sqlobject.statement.internal.ResultReturner$CollectedResultReturner.mappedResult(ResultReturner.java:315)
! at org.jdbi.v3.sqlobject.statement.internal.SqlQueryHandler.lambda$configureReturner$0(SqlQueryHandler.java:65)
! at org.jdbi.v3.sqlobject.statement.internal.CustomizingStatementHandler.invoke(CustomizingStatementHandler.java:197)
! at org.jdbi.v3.sqlobject.statement.internal.SqlQueryHandler.invoke(SqlQueryHandler.java:27)
! at org.jdbi.v3.core.extension.ExtensionMetadata$ExtensionHandlerInvoker.lambda$invoke$0(ExtensionMetadata.java:345)
! at org.jdbi.v3.core.AbstractHandleSupplier.invokeInContext(AbstractHandleSupplier.java:36)
! at org.jdbi.v3.core.extension.ExtensionMetadata$ExtensionHandlerInvoker.call(ExtensionMetadata.java:363)
! at org.jdbi.v3.core.extension.ExtensionMetadata$ExtensionHandlerInvoker.invoke(ExtensionMetadata.java:346)
! at org.jdbi.v3.core.extension.ExtensionFactoryDelegate.lambda$attach$0(ExtensionFactoryDelegate.java:118)
! at org.jdbi.v3.core.internal.OnDemandExtensions.invoke(OnDemandExtensions.java:86)
! at org.jdbi.v3.core.internal.OnDemandExtensions.lambda$createProxy$2(OnDemandExtensions.java:72)
! at org.jdbi.v3.core.Jdbi.callWithExtension(Jdbi.java:557)
! at org.jdbi.v3.core.Jdbi.withExtension(Jdbi.java:544)
! at org.jdbi.v3.core.internal.OnDemandExtensions.lambda$createProxy$3(OnDemandExtensions.java:72)
! at jdk.proxy2/jdk.proxy2.$Proxy43.findAll(Unknown Source)
! at com.avg.poc.dropwizard.resources.PersonResource.getAllPersons(PersonResource.java:33)
! at java.base/jdk.internal.reflect.NativeMethodAccessorImpl.invoke0(Native Method)
! at java.base/jdk.internal.reflect.NativeMethodAccessorImpl.invoke(NativeMethodAccessorImpl.java:77)
! at java.base/jdk.internal.reflect.DelegatingMethodAccessorImpl.invoke(DelegatingMethodAccessorImpl.java:43)
! at java.base/java.lang.reflect.Method.invoke(Method.java:569)
! at org.glassfish.jersey.server.model.internal.ResourceMethodInvocationHandlerFactory.lambda$static$0(ResourceMethodInvocationHandlerFactory.java:52)
! at org.glassfish.jersey.server.model.internal.AbstractJavaResourceMethodDispatcher$1.run(AbstractJavaResourceMethodDispatcher.java:146)
! at org.glassfish.jersey.server.model.internal.AbstractJavaResourceMethodDispatcher.invoke(AbstractJavaResourceMethodDispatcher.java:189)
! at org.glassfish.jersey.server.model.internal.JavaResourceMethodDispatcherProvider$TypeOutInvoker.doDispatch(JavaResourceMethodDispatcherProvider.java:219)
! at org.glassfish.jersey.server.model.internal.AbstractJavaResourceMethodDispatcher.dispatch(AbstractJavaResourceMethodDispatcher.java:93)
! at org.glassfish.jersey.server.model.ResourceMethodInvoker.invoke(ResourceMethodInvoker.java:478)
! at org.glassfish.jersey.server.model.ResourceMethodInvoker.apply(ResourceMethodInvoker.java:400)
! at org.glassfish.jersey.server.model.ResourceMethodInvoker.apply(ResourceMethodInvoker.java:81)
! at org.glassfish.jersey.server.ServerRuntime$1.run(ServerRuntime.java:256)
! at org.glassfish.jersey.internal.Errors$1.call(Errors.java:248)
! at org.glassfish.jersey.internal.Errors$1.call(Errors.java:244)
! at org.glassfish.jersey.internal.Errors.process(Errors.java:292)
! at org.glassfish.jersey.internal.Errors.process(Errors.java:274)
! at org.glassfish.jersey.internal.Errors.process(Errors.java:244)
! at org.glassfish.jersey.process.internal.RequestScope.runInScope(RequestScope.java:265)
! at org.glassfish.jersey.server.ServerRuntime.process(ServerRuntime.java:235)
! at org.glassfish.jersey.server.ApplicationHandler.handle(ApplicationHandler.java:684)
! at org.glassfish.jersey.servlet.WebComponent.serviceImpl(WebComponent.java:397)
! at org.glassfish.jersey.servlet.WebComponent.service(WebComponent.java:349)
! at org.glassfish.jersey.servlet.ServletContainer.service(ServletContainer.java:379)
! at org.glassfish.jersey.servlet.ServletContainer.service(ServletContainer.java:312)
! at org.glassfish.jersey.servlet.ServletContainer.service(ServletContainer.java:205)
! at org.eclipse.jetty.servlet.ServletHolder.handle(ServletHolder.java:764)
! at org.eclipse.jetty.servlet.ServletHandler$ChainEnd.doFilter(ServletHandler.java:1665)
! at io.dropwizard.servlets.ThreadNameFilter.doFilter(ThreadNameFilter.java:35)
! at org.eclipse.jetty.servlet.FilterHolder.doFilter(FilterHolder.java:202)
! at org.eclipse.jetty.servlet.ServletHandler$Chain.doFilter(ServletHandler.java:1635)
! at io.dropwizard.jersey.filter.AllowedMethodsFilter.handle(AllowedMethodsFilter.java:46)
! at io.dropwizard.jersey.filter.AllowedMethodsFilter.doFilter(AllowedMethodsFilter.java:40)
! at org.eclipse.jetty.servlet.FilterHolder.doFilter(FilterHolder.java:202)
! at org.eclipse.jetty.servlet.ServletHandler$Chain.doFilter(ServletHandler.java:1635)
! at org.eclipse.jetty.servlet.ServletHandler.doHandle(ServletHandler.java:527)
! at org.eclipse.jetty.server.handler.ScopedHandler.nextHandle(ScopedHandler.java:221)
! at org.eclipse.jetty.server.handler.ContextHandler.doHandle(ContextHandler.java:1384)
! at org.eclipse.jetty.server.handler.ScopedHandler.nextScope(ScopedHandler.java:176)
! at org.eclipse.jetty.servlet.ServletHandler.doScope(ServletHandler.java:484)
! at org.eclipse.jetty.server.handler.ScopedHandler.nextScope(ScopedHandler.java:174)
! at org.eclipse.jetty.server.handler.ContextHandler.doScope(ContextHandler.java:1306)
! at org.eclipse.jetty.server.handler.ScopedHandler.handle(ScopedHandler.java:129)
! at org.eclipse.jetty.server.handler.HandlerWrapper.handle(HandlerWrapper.java:122)
! at io.dropwizard.metrics.jetty10.InstrumentedHandler.handle(InstrumentedHandler.java:314)
! at io.dropwizard.jetty.RoutingHandler.handle(RoutingHandler.java:52)
! at org.eclipse.jetty.server.handler.HandlerWrapper.handle(HandlerWrapper.java:122)
! at org.eclipse.jetty.server.handler.gzip.GzipHandler.handle(GzipHandler.java:822)
! at io.dropwizard.jetty.ZipExceptionHandlingGzipHandler.handle(ZipExceptionHandlingGzipHandler.java:26)
! at org.eclipse.jetty.server.handler.RequestLogHandler.handle(RequestLogHandler.java:46)
! at org.eclipse.jetty.server.handler.StatisticsHandler.handle(StatisticsHandler.java:173)
! at org.eclipse.jetty.server.handler.HandlerWrapper.handle(HandlerWrapper.java:122)
! at org.eclipse.jetty.server.Server.handle(Server.java:563)
! at org.eclipse.jetty.server.HttpChannel$RequestDispatchable.dispatch(HttpChannel.java:1598)
! at org.eclipse.jetty.server.HttpChannel.dispatch(HttpChannel.java:753)
! at org.eclipse.jetty.server.HttpChannel.handle(HttpChannel.java:501)
! at org.eclipse.jetty.server.HttpConnection.onFillable(HttpConnection.java:287)
! at org.eclipse.jetty.io.AbstractConnection$ReadCallback.succeeded(AbstractConnection.java:314)
! at org.eclipse.jetty.io.FillInterest.fillable(FillInterest.java:100)
! at org.eclipse.jetty.io.SelectableChannelEndPoint$1.run(SelectableChannelEndPoint.java:53)
! at org.eclipse.jetty.util.thread.strategy.AdaptiveExecutionStrategy.runTask(AdaptiveExecutionStrategy.java:421)
! at org.eclipse.jetty.util.thread.strategy.AdaptiveExecutionStrategy.consumeTask(AdaptiveExecutionStrategy.java:390)
! at org.eclipse.jetty.util.thread.strategy.AdaptiveExecutionStrategy.tryProduce(AdaptiveExecutionStrategy.java:277)
! at org.eclipse.jetty.util.thread.strategy.AdaptiveExecutionStrategy.produce(AdaptiveExecutionStrategy.java:193)
! at org.eclipse.jetty.util.thread.QueuedThreadPool.runJob(QueuedThreadPool.java:969)
! at org.eclipse.jetty.util.thread.QueuedThreadPool$Runner.doRunJob(QueuedThreadPool.java:1194)
! at org.eclipse.jetty.util.thread.QueuedThreadPool$Runner.run(QueuedThreadPool.java:1149)
! at java.base/java.lang.Thread.run(Thread.java:840)
INFO  [2025-04-22 19:21:41,061] org.eclipse.jetty.server.Server: Stopped Server@588545ac{STOPPING}[10.0.25,sto=30000]
INFO  [2025-04-22 19:21:41,061] org.eclipse.jetty.server.Server: Shutdown Server@588545ac{STOPPING}[10.0.25,sto=30000]
INFO  [2025-04-22 19:21:41,066] org.eclipse.jetty.server.AbstractConnector: Stopped application@7b25ab31{HTTP/1.1, (http/1.1)}{0.0.0.0:8080}
INFO  [2025-04-22 19:21:41,067] org.eclipse.jetty.server.AbstractConnector: Stopped admin@2001e48c{HTTP/1.1, (http/1.1)}{0.0.0.0:8081}
INFO  [2025-04-22 19:21:41,068] org.eclipse.jetty.server.handler.ContextHandler: Stopped i.d.j.MutableServletContextHandler@7ef41ca2{/,null,STOPPED}
INFO  [2025-04-22 19:21:41,072] org.eclipse.jetty.server.handler.ContextHandler: Stopped i.d.j.MutableServletContextHandler@4e4f4092{/,null,STOPPED}
INFO  [2025-04-22 19:22:05,919] io.dropwizard.core.server.DefaultServerFactory: Registering jersey handler with root path prefix: /
INFO  [2025-04-22 19:22:05,920] io.dropwizard.core.server.DefaultServerFactory: Registering admin handler with root path prefix: /
INFO  [2025-04-22 19:22:05,921] com.avg.poc.dropwizard.SampleAppApplication: Environment from config: SampleAppApplication
DEBUG [2025-04-22 19:22:05,991] org.jdbi.v3.core.Jdbi: Automatically installed plugins [org.jdbi.v3.sqlobject.SqlObjectPlugin@5cdf39b2, org.jdbi.v3.guava.GuavaPlugin@3f672204]
INFO  [2025-04-22 19:22:50,422] io.dropwizard.core.server.DefaultServerFactory: Registering jersey handler with root path prefix: /
INFO  [2025-04-22 19:22:50,423] io.dropwizard.core.server.DefaultServerFactory: Registering admin handler with root path prefix: /
INFO  [2025-04-22 19:22:50,423] com.avg.poc.dropwizard.SampleAppApplication: Environment from config: SampleAppApplication
DEBUG [2025-04-22 19:22:50,490] org.jdbi.v3.core.Jdbi: Automatically installed plugins [org.jdbi.v3.sqlobject.SqlObjectPlugin@5cdf39b2, org.jdbi.v3.guava.GuavaPlugin@3f672204]
INFO  [2025-04-22 19:22:50,704] io.dropwizard.core.server.ServerFactory: Starting SampleAppApplication
================================================================================

                              dropwizard

================================================================================

INFO  [2025-04-22 19:22:50,750] org.eclipse.jetty.setuid.SetUIDListener: Opened application@66c9b52f{HTTP/1.1, (http/1.1)}{0.0.0.0:8080}
INFO  [2025-04-22 19:22:50,750] org.eclipse.jetty.setuid.SetUIDListener: Opened admin@1536ea40{HTTP/1.1, (http/1.1)}{0.0.0.0:8081}
INFO  [2025-04-22 19:22:50,751] org.eclipse.jetty.server.Server: jetty-10.0.25; built: 2025-03-13T00:02:39.342Z; git: 96cc25d2f26c3fb61444b801be87640e59cf380e; jvm 17.0.15+6
INFO  [2025-04-22 19:22:50,991] io.dropwizard.jersey.DropwizardResourceConfig: The following paths were found for the configured resources:

    GET     /persons (com.avg.poc.dropwizard.resources.PersonResource)
    POST    /persons (com.avg.poc.dropwizard.resources.PersonResource)
    GET     /persons/{id} (com.avg.poc.dropwizard.resources.PersonResource)

INFO  [2025-04-22 19:22:50,992] org.eclipse.jetty.server.handler.ContextHandler: Started i.d.j.MutableServletContextHandler@5a3cf824{/,null,AVAILABLE}
INFO  [2025-04-22 19:22:50,993] io.dropwizard.core.setup.AdminEnvironment: tasks = 

    POST    /tasks/log-level (io.dropwizard.servlets.tasks.LogConfigurationTask)
    POST    /tasks/gc (io.dropwizard.servlets.tasks.GarbageCollectionTask)

INFO  [2025-04-22 19:22:50,994] org.eclipse.jetty.server.handler.ContextHandler: Started i.d.j.MutableServletContextHandler@77ea806f{/,null,AVAILABLE}
INFO  [2025-04-22 19:22:50,997] org.eclipse.jetty.server.AbstractConnector: Started application@66c9b52f{HTTP/1.1, (http/1.1)}{0.0.0.0:8080}
INFO  [2025-04-22 19:22:50,998] org.eclipse.jetty.server.AbstractConnector: Started admin@1536ea40{HTTP/1.1, (http/1.1)}{0.0.0.0:8081}
INFO  [2025-04-22 19:22:50,999] org.eclipse.jetty.server.Server: Started Server@3b24087d{STARTING}[10.0.25,sto=30000] @1204ms
ERROR [2025-04-22 19:23:10,862] io.dropwizard.jersey.errors.LoggingExceptionMapper: Error handling a request: a62243424dbb51ae
! org.jdbi.v3.core.statement.UnableToCreateStatementException: No setter method found for bean property [name] on [java.lang.String]
! at org.jdbi.v3.core.mapper.reflect.internal.BeanPropertiesFactory$BeanPojoProperties$BeanPojoProperty.setter(BeanPropertiesFactory.java:141)
! at org.jdbi.v3.core.mapper.reflect.internal.BeanPropertiesFactory$BeanPojoProperties$1.set(BeanPropertiesFactory.java:94)
! at org.jdbi.v3.core.mapper.reflect.internal.PojoProperties$PojoBuilder.set(PojoProperties.java:44)
! at org.jdbi.v3.core.mapper.reflect.internal.PojoMapper$BoundPojoMapper.map(PojoMapper.java:230)
! at org.jdbi.v3.core.result.internal.ResultSetResultIterator.next(ResultSetResultIterator.java:105)
! at java.base/java.util.Iterator.forEachRemaining(Iterator.java:133)
! at org.jdbi.v3.core.result.ResultIterator.forEachRemaining(ResultIterator.java:39)
! at java.base/java.util.Spliterators$IteratorSpliterator.forEachRemaining(Spliterators.java:1845)
! at java.base/java.util.stream.AbstractPipeline.copyInto(AbstractPipeline.java:509)
! at java.base/java.util.stream.AbstractPipeline.wrapAndCopyInto(AbstractPipeline.java:499)
! at java.base/java.util.stream.ReduceOps$ReduceOp.evaluateSequential(ReduceOps.java:921)
! at java.base/java.util.stream.AbstractPipeline.evaluate(AbstractPipeline.java:234)
! at java.base/java.util.stream.ReferencePipeline.collect(ReferencePipeline.java:682)
! at org.jdbi.v3.core.result.ResultIterable.collect(ResultIterable.java:341)
! at org.jdbi.v3.sqlobject.statement.internal.ResultReturner$CollectedResultReturner.mappedResult(ResultReturner.java:315)
! at org.jdbi.v3.sqlobject.statement.internal.SqlQueryHandler.lambda$configureReturner$0(SqlQueryHandler.java:65)
! at org.jdbi.v3.sqlobject.statement.internal.CustomizingStatementHandler.invoke(CustomizingStatementHandler.java:197)
! at org.jdbi.v3.sqlobject.statement.internal.SqlQueryHandler.invoke(SqlQueryHandler.java:27)
! at org.jdbi.v3.core.extension.ExtensionMetadata$ExtensionHandlerInvoker.lambda$invoke$0(ExtensionMetadata.java:345)
! at org.jdbi.v3.core.AbstractHandleSupplier.invokeInContext(AbstractHandleSupplier.java:36)
! at org.jdbi.v3.core.extension.ExtensionMetadata$ExtensionHandlerInvoker.call(ExtensionMetadata.java:363)
! at org.jdbi.v3.core.extension.ExtensionMetadata$ExtensionHandlerInvoker.invoke(ExtensionMetadata.java:346)
! at org.jdbi.v3.core.extension.ExtensionFactoryDelegate.lambda$attach$0(ExtensionFactoryDelegate.java:118)
! at org.jdbi.v3.core.internal.OnDemandExtensions.invoke(OnDemandExtensions.java:86)
! at org.jdbi.v3.core.internal.OnDemandExtensions.lambda$createProxy$2(OnDemandExtensions.java:72)
! at org.jdbi.v3.core.Jdbi.callWithExtension(Jdbi.java:557)
! at org.jdbi.v3.core.Jdbi.withExtension(Jdbi.java:544)
! at org.jdbi.v3.core.internal.OnDemandExtensions.lambda$createProxy$3(OnDemandExtensions.java:72)
! at jdk.proxy2/jdk.proxy2.$Proxy43.findAll(Unknown Source)
! at com.avg.poc.dropwizard.resources.PersonResource.getAllPersons(PersonResource.java:33)
! at java.base/jdk.internal.reflect.NativeMethodAccessorImpl.invoke0(Native Method)
! at java.base/jdk.internal.reflect.NativeMethodAccessorImpl.invoke(NativeMethodAccessorImpl.java:77)
! at java.base/jdk.internal.reflect.DelegatingMethodAccessorImpl.invoke(DelegatingMethodAccessorImpl.java:43)
! at java.base/java.lang.reflect.Method.invoke(Method.java:569)
! at org.glassfish.jersey.server.model.internal.ResourceMethodInvocationHandlerFactory.lambda$static$0(ResourceMethodInvocationHandlerFactory.java:52)
! at org.glassfish.jersey.server.model.internal.AbstractJavaResourceMethodDispatcher$1.run(AbstractJavaResourceMethodDispatcher.java:146)
! at org.glassfish.jersey.server.model.internal.AbstractJavaResourceMethodDispatcher.invoke(AbstractJavaResourceMethodDispatcher.java:189)
! at org.glassfish.jersey.server.model.internal.JavaResourceMethodDispatcherProvider$TypeOutInvoker.doDispatch(JavaResourceMethodDispatcherProvider.java:219)
! at org.glassfish.jersey.server.model.internal.AbstractJavaResourceMethodDispatcher.dispatch(AbstractJavaResourceMethodDispatcher.java:93)
! at org.glassfish.jersey.server.model.ResourceMethodInvoker.invoke(ResourceMethodInvoker.java:478)
! at org.glassfish.jersey.server.model.ResourceMethodInvoker.apply(ResourceMethodInvoker.java:400)
! at org.glassfish.jersey.server.model.ResourceMethodInvoker.apply(ResourceMethodInvoker.java:81)
! at org.glassfish.jersey.server.ServerRuntime$1.run(ServerRuntime.java:256)
! at org.glassfish.jersey.internal.Errors$1.call(Errors.java:248)
! at org.glassfish.jersey.internal.Errors$1.call(Errors.java:244)
! at org.glassfish.jersey.internal.Errors.process(Errors.java:292)
! at org.glassfish.jersey.internal.Errors.process(Errors.java:274)
! at org.glassfish.jersey.internal.Errors.process(Errors.java:244)
! at org.glassfish.jersey.process.internal.RequestScope.runInScope(RequestScope.java:265)
! at org.glassfish.jersey.server.ServerRuntime.process(ServerRuntime.java:235)
! at org.glassfish.jersey.server.ApplicationHandler.handle(ApplicationHandler.java:684)
! at org.glassfish.jersey.servlet.WebComponent.serviceImpl(WebComponent.java:397)
! at org.glassfish.jersey.servlet.WebComponent.service(WebComponent.java:349)
! at org.glassfish.jersey.servlet.ServletContainer.service(ServletContainer.java:379)
! at org.glassfish.jersey.servlet.ServletContainer.service(ServletContainer.java:312)
! at org.glassfish.jersey.servlet.ServletContainer.service(ServletContainer.java:205)
! at org.eclipse.jetty.servlet.ServletHolder.handle(ServletHolder.java:764)
! at org.eclipse.jetty.servlet.ServletHandler$ChainEnd.doFilter(ServletHandler.java:1665)
! at io.dropwizard.servlets.ThreadNameFilter.doFilter(ThreadNameFilter.java:35)
! at org.eclipse.jetty.servlet.FilterHolder.doFilter(FilterHolder.java:202)
! at org.eclipse.jetty.servlet.ServletHandler$Chain.doFilter(ServletHandler.java:1635)
! at io.dropwizard.jersey.filter.AllowedMethodsFilter.handle(AllowedMethodsFilter.java:46)
! at io.dropwizard.jersey.filter.AllowedMethodsFilter.doFilter(AllowedMethodsFilter.java:40)
! at org.eclipse.jetty.servlet.FilterHolder.doFilter(FilterHolder.java:202)
! at org.eclipse.jetty.servlet.ServletHandler$Chain.doFilter(ServletHandler.java:1635)
! at org.eclipse.jetty.servlet.ServletHandler.doHandle(ServletHandler.java:527)
! at org.eclipse.jetty.server.handler.ScopedHandler.nextHandle(ScopedHandler.java:221)
! at org.eclipse.jetty.server.handler.ContextHandler.doHandle(ContextHandler.java:1384)
! at org.eclipse.jetty.server.handler.ScopedHandler.nextScope(ScopedHandler.java:176)
! at org.eclipse.jetty.servlet.ServletHandler.doScope(ServletHandler.java:484)
! at org.eclipse.jetty.server.handler.ScopedHandler.nextScope(ScopedHandler.java:174)
! at org.eclipse.jetty.server.handler.ContextHandler.doScope(ContextHandler.java:1306)
! at org.eclipse.jetty.server.handler.ScopedHandler.handle(ScopedHandler.java:129)
! at org.eclipse.jetty.server.handler.HandlerWrapper.handle(HandlerWrapper.java:122)
! at io.dropwizard.metrics.jetty10.InstrumentedHandler.handle(InstrumentedHandler.java:314)
! at io.dropwizard.jetty.RoutingHandler.handle(RoutingHandler.java:52)
! at org.eclipse.jetty.server.handler.HandlerWrapper.handle(HandlerWrapper.java:122)
! at org.eclipse.jetty.server.handler.gzip.GzipHandler.handle(GzipHandler.java:822)
! at io.dropwizard.jetty.ZipExceptionHandlingGzipHandler.handle(ZipExceptionHandlingGzipHandler.java:26)
! at org.eclipse.jetty.server.handler.RequestLogHandler.handle(RequestLogHandler.java:46)
! at org.eclipse.jetty.server.handler.StatisticsHandler.handle(StatisticsHandler.java:173)
! at org.eclipse.jetty.server.handler.HandlerWrapper.handle(HandlerWrapper.java:122)
! at org.eclipse.jetty.server.Server.handle(Server.java:563)
! at org.eclipse.jetty.server.HttpChannel$RequestDispatchable.dispatch(HttpChannel.java:1598)
! at org.eclipse.jetty.server.HttpChannel.dispatch(HttpChannel.java:753)
! at org.eclipse.jetty.server.HttpChannel.handle(HttpChannel.java:501)
! at org.eclipse.jetty.server.HttpConnection.onFillable(HttpConnection.java:287)
! at org.eclipse.jetty.io.AbstractConnection$ReadCallback.succeeded(AbstractConnection.java:314)
! at org.eclipse.jetty.io.FillInterest.fillable(FillInterest.java:100)
! at org.eclipse.jetty.io.SelectableChannelEndPoint$1.run(SelectableChannelEndPoint.java:53)
! at org.eclipse.jetty.util.thread.strategy.AdaptiveExecutionStrategy.runTask(AdaptiveExecutionStrategy.java:421)
! at org.eclipse.jetty.util.thread.strategy.AdaptiveExecutionStrategy.consumeTask(AdaptiveExecutionStrategy.java:390)
! at org.eclipse.jetty.util.thread.strategy.AdaptiveExecutionStrategy.tryProduce(AdaptiveExecutionStrategy.java:277)
! at org.eclipse.jetty.util.thread.strategy.AdaptiveExecutionStrategy.produce(AdaptiveExecutionStrategy.java:193)
! at org.eclipse.jetty.util.thread.QueuedThreadPool.runJob(QueuedThreadPool.java:969)
! at org.eclipse.jetty.util.thread.QueuedThreadPool$Runner.doRunJob(QueuedThreadPool.java:1194)
! at org.eclipse.jetty.util.thread.QueuedThreadPool$Runner.run(QueuedThreadPool.java:1149)
! at java.base/java.lang.Thread.run(Thread.java:840)
ERROR [2025-04-22 19:23:23,545] io.dropwizard.jersey.errors.LoggingExceptionMapper: Error handling a request: abfb67827a642e42
! org.jdbi.v3.core.statement.UnableToCreateStatementException: No setter method found for bean property [name] on [java.lang.String]
! at org.jdbi.v3.core.mapper.reflect.internal.BeanPropertiesFactory$BeanPojoProperties$BeanPojoProperty.setter(BeanPropertiesFactory.java:141)
! at org.jdbi.v3.core.mapper.reflect.internal.BeanPropertiesFactory$BeanPojoProperties$1.set(BeanPropertiesFactory.java:94)
! at org.jdbi.v3.core.mapper.reflect.internal.PojoProperties$PojoBuilder.set(PojoProperties.java:44)
! at org.jdbi.v3.core.mapper.reflect.internal.PojoMapper$BoundPojoMapper.map(PojoMapper.java:230)
! at org.jdbi.v3.core.result.internal.ResultSetResultIterator.next(ResultSetResultIterator.java:105)
! at java.base/java.util.Iterator.forEachRemaining(Iterator.java:133)
! at org.jdbi.v3.core.result.ResultIterator.forEachRemaining(ResultIterator.java:39)
! at java.base/java.util.Spliterators$IteratorSpliterator.forEachRemaining(Spliterators.java:1845)
! at java.base/java.util.stream.AbstractPipeline.copyInto(AbstractPipeline.java:509)
! at java.base/java.util.stream.AbstractPipeline.wrapAndCopyInto(AbstractPipeline.java:499)
! at java.base/java.util.stream.ReduceOps$ReduceOp.evaluateSequential(ReduceOps.java:921)
! at java.base/java.util.stream.AbstractPipeline.evaluate(AbstractPipeline.java:234)
! at java.base/java.util.stream.ReferencePipeline.collect(ReferencePipeline.java:682)
! at org.jdbi.v3.core.result.ResultIterable.collect(ResultIterable.java:341)
! at org.jdbi.v3.sqlobject.statement.internal.ResultReturner$CollectedResultReturner.mappedResult(ResultReturner.java:315)
! at org.jdbi.v3.sqlobject.statement.internal.SqlQueryHandler.lambda$configureReturner$0(SqlQueryHandler.java:65)
! at org.jdbi.v3.sqlobject.statement.internal.CustomizingStatementHandler.invoke(CustomizingStatementHandler.java:197)
! at org.jdbi.v3.sqlobject.statement.internal.SqlQueryHandler.invoke(SqlQueryHandler.java:27)
! at org.jdbi.v3.core.extension.ExtensionMetadata$ExtensionHandlerInvoker.lambda$invoke$0(ExtensionMetadata.java:345)
! at org.jdbi.v3.core.AbstractHandleSupplier.invokeInContext(AbstractHandleSupplier.java:36)
! at org.jdbi.v3.core.extension.ExtensionMetadata$ExtensionHandlerInvoker.call(ExtensionMetadata.java:363)
! at org.jdbi.v3.core.extension.ExtensionMetadata$ExtensionHandlerInvoker.invoke(ExtensionMetadata.java:346)
! at org.jdbi.v3.core.extension.ExtensionFactoryDelegate.lambda$attach$0(ExtensionFactoryDelegate.java:118)
! at org.jdbi.v3.core.internal.OnDemandExtensions.invoke(OnDemandExtensions.java:86)
! at org.jdbi.v3.core.internal.OnDemandExtensions.lambda$createProxy$2(OnDemandExtensions.java:72)
! at org.jdbi.v3.core.Jdbi.callWithExtension(Jdbi.java:557)
! at org.jdbi.v3.core.Jdbi.withExtension(Jdbi.java:544)
! at org.jdbi.v3.core.internal.OnDemandExtensions.lambda$createProxy$3(OnDemandExtensions.java:72)
! at jdk.proxy2/jdk.proxy2.$Proxy43.findById(Unknown Source)
! at com.avg.poc.dropwizard.resources.PersonResource.getPerson(PersonResource.java:28)
! at java.base/jdk.internal.reflect.NativeMethodAccessorImpl.invoke0(Native Method)
! at java.base/jdk.internal.reflect.NativeMethodAccessorImpl.invoke(NativeMethodAccessorImpl.java:77)
! at java.base/jdk.internal.reflect.DelegatingMethodAccessorImpl.invoke(DelegatingMethodAccessorImpl.java:43)
! at java.base/java.lang.reflect.Method.invoke(Method.java:569)
! at org.glassfish.jersey.server.model.internal.ResourceMethodInvocationHandlerFactory.lambda$static$0(ResourceMethodInvocationHandlerFactory.java:52)
! at org.glassfish.jersey.server.model.internal.AbstractJavaResourceMethodDispatcher$1.run(AbstractJavaResourceMethodDispatcher.java:146)
! at org.glassfish.jersey.server.model.internal.AbstractJavaResourceMethodDispatcher.invoke(AbstractJavaResourceMethodDispatcher.java:189)
! at org.glassfish.jersey.server.model.internal.JavaResourceMethodDispatcherProvider$TypeOutInvoker.doDispatch(JavaResourceMethodDispatcherProvider.java:219)
! at org.glassfish.jersey.server.model.internal.AbstractJavaResourceMethodDispatcher.dispatch(AbstractJavaResourceMethodDispatcher.java:93)
! at org.glassfish.jersey.server.model.ResourceMethodInvoker.invoke(ResourceMethodInvoker.java:478)
! at org.glassfish.jersey.server.model.ResourceMethodInvoker.apply(ResourceMethodInvoker.java:400)
! at org.glassfish.jersey.server.model.ResourceMethodInvoker.apply(ResourceMethodInvoker.java:81)
! at org.glassfish.jersey.server.ServerRuntime$1.run(ServerRuntime.java:256)
! at org.glassfish.jersey.internal.Errors$1.call(Errors.java:248)
! at org.glassfish.jersey.internal.Errors$1.call(Errors.java:244)
! at org.glassfish.jersey.internal.Errors.process(Errors.java:292)
! at org.glassfish.jersey.internal.Errors.process(Errors.java:274)
! at org.glassfish.jersey.internal.Errors.process(Errors.java:244)
! at org.glassfish.jersey.process.internal.RequestScope.runInScope(RequestScope.java:265)
! at org.glassfish.jersey.server.ServerRuntime.process(ServerRuntime.java:235)
! at org.glassfish.jersey.server.ApplicationHandler.handle(ApplicationHandler.java:684)
! at org.glassfish.jersey.servlet.WebComponent.serviceImpl(WebComponent.java:397)
! at org.glassfish.jersey.servlet.WebComponent.service(WebComponent.java:349)
! at org.glassfish.jersey.servlet.ServletContainer.service(ServletContainer.java:379)
! at org.glassfish.jersey.servlet.ServletContainer.service(ServletContainer.java:312)
! at org.glassfish.jersey.servlet.ServletContainer.service(ServletContainer.java:205)
! at org.eclipse.jetty.servlet.ServletHolder.handle(ServletHolder.java:764)
! at org.eclipse.jetty.servlet.ServletHandler$ChainEnd.doFilter(ServletHandler.java:1665)
! at io.dropwizard.servlets.ThreadNameFilter.doFilter(ThreadNameFilter.java:35)
! at org.eclipse.jetty.servlet.FilterHolder.doFilter(FilterHolder.java:202)
! at org.eclipse.jetty.servlet.ServletHandler$Chain.doFilter(ServletHandler.java:1635)
! at io.dropwizard.jersey.filter.AllowedMethodsFilter.handle(AllowedMethodsFilter.java:46)
! at io.dropwizard.jersey.filter.AllowedMethodsFilter.doFilter(AllowedMethodsFilter.java:40)
! at org.eclipse.jetty.servlet.FilterHolder.doFilter(FilterHolder.java:202)
! at org.eclipse.jetty.servlet.ServletHandler$Chain.doFilter(ServletHandler.java:1635)
! at org.eclipse.jetty.servlet.ServletHandler.doHandle(ServletHandler.java:527)
! at org.eclipse.jetty.server.handler.ScopedHandler.nextHandle(ScopedHandler.java:221)
! at org.eclipse.jetty.server.handler.ContextHandler.doHandle(ContextHandler.java:1384)
! at org.eclipse.jetty.server.handler.ScopedHandler.nextScope(ScopedHandler.java:176)
! at org.eclipse.jetty.servlet.ServletHandler.doScope(ServletHandler.java:484)
! at org.eclipse.jetty.server.handler.ScopedHandler.nextScope(ScopedHandler.java:174)
! at org.eclipse.jetty.server.handler.ContextHandler.doScope(ContextHandler.java:1306)
! at org.eclipse.jetty.server.handler.ScopedHandler.handle(ScopedHandler.java:129)
! at org.eclipse.jetty.server.handler.HandlerWrapper.handle(HandlerWrapper.java:122)
! at io.dropwizard.metrics.jetty10.InstrumentedHandler.handle(InstrumentedHandler.java:314)
! at io.dropwizard.jetty.RoutingHandler.handle(RoutingHandler.java:52)
! at org.eclipse.jetty.server.handler.HandlerWrapper.handle(HandlerWrapper.java:122)
! at org.eclipse.jetty.server.handler.gzip.GzipHandler.handle(GzipHandler.java:822)
! at io.dropwizard.jetty.ZipExceptionHandlingGzipHandler.handle(ZipExceptionHandlingGzipHandler.java:26)
! at org.eclipse.jetty.server.handler.RequestLogHandler.handle(RequestLogHandler.java:46)
! at org.eclipse.jetty.server.handler.StatisticsHandler.handle(StatisticsHandler.java:173)
! at org.eclipse.jetty.server.handler.HandlerWrapper.handle(HandlerWrapper.java:122)
! at org.eclipse.jetty.server.Server.handle(Server.java:563)
! at org.eclipse.jetty.server.HttpChannel$RequestDispatchable.dispatch(HttpChannel.java:1598)
! at org.eclipse.jetty.server.HttpChannel.dispatch(HttpChannel.java:753)
! at org.eclipse.jetty.server.HttpChannel.handle(HttpChannel.java:501)
! at org.eclipse.jetty.server.HttpConnection.onFillable(HttpConnection.java:287)
! at org.eclipse.jetty.io.AbstractConnection$ReadCallback.succeeded(AbstractConnection.java:314)
! at org.eclipse.jetty.io.FillInterest.fillable(FillInterest.java:100)
! at org.eclipse.jetty.io.SelectableChannelEndPoint$1.run(SelectableChannelEndPoint.java:53)
! at org.eclipse.jetty.util.thread.strategy.AdaptiveExecutionStrategy.runTask(AdaptiveExecutionStrategy.java:421)
! at org.eclipse.jetty.util.thread.strategy.AdaptiveExecutionStrategy.consumeTask(AdaptiveExecutionStrategy.java:390)
! at org.eclipse.jetty.util.thread.strategy.AdaptiveExecutionStrategy.tryProduce(AdaptiveExecutionStrategy.java:277)
! at org.eclipse.jetty.util.thread.strategy.AdaptiveExecutionStrategy.produce(AdaptiveExecutionStrategy.java:193)
! at org.eclipse.jetty.util.thread.QueuedThreadPool.runJob(QueuedThreadPool.java:969)
! at org.eclipse.jetty.util.thread.QueuedThreadPool$Runner.doRunJob(QueuedThreadPool.java:1194)
! at org.eclipse.jetty.util.thread.QueuedThreadPool$Runner.run(QueuedThreadPool.java:1149)
! at java.base/java.lang.Thread.run(Thread.java:840)
INFO  [2025-04-22 19:24:48,144] org.eclipse.jetty.server.Server: Stopped Server@3b24087d{STOPPING}[10.0.25,sto=30000]
INFO  [2025-04-22 19:24:48,144] org.eclipse.jetty.server.Server: Shutdown Server@3b24087d{STOPPING}[10.0.25,sto=30000]
INFO  [2025-04-22 19:24:48,146] org.eclipse.jetty.server.AbstractConnector: Stopped application@66c9b52f{HTTP/1.1, (http/1.1)}{0.0.0.0:8080}
INFO  [2025-04-22 19:24:48,147] org.eclipse.jetty.server.AbstractConnector: Stopped admin@1536ea40{HTTP/1.1, (http/1.1)}{0.0.0.0:8081}
INFO  [2025-04-22 19:24:48,148] org.eclipse.jetty.server.handler.ContextHandler: Stopped i.d.j.MutableServletContextHandler@77ea806f{/,null,STOPPED}
INFO  [2025-04-22 19:24:48,151] org.eclipse.jetty.server.handler.ContextHandler: Stopped i.d.j.MutableServletContextHandler@5a3cf824{/,null,STOPPED}
INFO  [2025-04-22 19:24:57,527] io.dropwizard.core.server.DefaultServerFactory: Registering jersey handler with root path prefix: /
INFO  [2025-04-22 19:24:57,528] io.dropwizard.core.server.DefaultServerFactory: Registering admin handler with root path prefix: /
INFO  [2025-04-22 19:24:57,528] com.avg.poc.dropwizard.SampleAppApplication: Environment from config: SampleAppApplication
DEBUG [2025-04-22 19:24:57,600] org.jdbi.v3.core.Jdbi: Automatically installed plugins [org.jdbi.v3.sqlobject.SqlObjectPlugin@3cd59ef5, org.jdbi.v3.guava.GuavaPlugin@2c2db130]
INFO  [2025-04-22 19:24:57,812] io.dropwizard.core.server.ServerFactory: Starting SampleAppApplication
================================================================================

                              dropwizard

================================================================================

INFO  [2025-04-22 19:24:57,858] org.eclipse.jetty.setuid.SetUIDListener: Opened application@36776c32{HTTP/1.1, (http/1.1)}{0.0.0.0:8080}
INFO  [2025-04-22 19:24:57,858] org.eclipse.jetty.setuid.SetUIDListener: Opened admin@7792d851{HTTP/1.1, (http/1.1)}{0.0.0.0:8081}
INFO  [2025-04-22 19:24:57,859] org.eclipse.jetty.server.Server: jetty-10.0.25; built: 2025-03-13T00:02:39.342Z; git: 96cc25d2f26c3fb61444b801be87640e59cf380e; jvm 17.0.15+6
INFO  [2025-04-22 19:24:58,043] io.dropwizard.jersey.DropwizardResourceConfig: The following paths were found for the configured resources:

    GET     /persons (com.avg.poc.dropwizard.resources.PersonResource)
    POST    /persons (com.avg.poc.dropwizard.resources.PersonResource)
    GET     /persons/{id} (com.avg.poc.dropwizard.resources.PersonResource)

INFO  [2025-04-22 19:24:58,044] org.eclipse.jetty.server.handler.ContextHandler: Started i.d.j.MutableServletContextHandler@28367da7{/,null,AVAILABLE}
INFO  [2025-04-22 19:24:58,046] io.dropwizard.core.setup.AdminEnvironment: tasks = 

    POST    /tasks/log-level (io.dropwizard.servlets.tasks.LogConfigurationTask)
    POST    /tasks/gc (io.dropwizard.servlets.tasks.GarbageCollectionTask)

INFO  [2025-04-22 19:24:58,046] org.eclipse.jetty.server.handler.ContextHandler: Started i.d.j.MutableServletContextHandler@14a1769d{/,null,AVAILABLE}
INFO  [2025-04-22 19:24:58,051] org.eclipse.jetty.server.AbstractConnector: Started application@36776c32{HTTP/1.1, (http/1.1)}{0.0.0.0:8080}
INFO  [2025-04-22 19:24:58,052] org.eclipse.jetty.server.AbstractConnector: Started admin@7792d851{HTTP/1.1, (http/1.1)}{0.0.0.0:8081}
INFO  [2025-04-22 19:24:58,053] org.eclipse.jetty.server.Server: Started Server@4e245739{STARTING}[10.0.25,sto=30000] @1132ms
INFO  [2025-04-22 19:25:11,436] org.eclipse.jetty.server.Server: Stopped Server@4e245739{STOPPING}[10.0.25,sto=30000]
INFO  [2025-04-22 19:25:11,436] org.eclipse.jetty.server.Server: Shutdown Server@4e245739{STOPPING}[10.0.25,sto=30000]
INFO  [2025-04-22 19:25:11,442] org.eclipse.jetty.server.AbstractConnector: Stopped application@36776c32{HTTP/1.1, (http/1.1)}{0.0.0.0:8080}
INFO  [2025-04-22 19:25:11,443] org.eclipse.jetty.server.AbstractConnector: Stopped admin@7792d851{HTTP/1.1, (http/1.1)}{0.0.0.0:8081}
INFO  [2025-04-22 19:25:11,445] org.eclipse.jetty.server.handler.ContextHandler: Stopped i.d.j.MutableServletContextHandler@14a1769d{/,null,STOPPED}
INFO  [2025-04-22 19:25:11,451] org.eclipse.jetty.server.handler.ContextHandler: Stopped i.d.j.MutableServletContextHandler@28367da7{/,null,STOPPED}
INFO  [2025-04-22 19:31:09,056] io.dropwizard.core.server.DefaultServerFactory: Registering jersey handler with root path prefix: /
INFO  [2025-04-22 19:31:09,057] io.dropwizard.core.server.DefaultServerFactory: Registering admin handler with root path prefix: /
INFO  [2025-04-22 19:31:09,058] com.avg.poc.dropwizard.SampleAppApplication: Environment from config: SampleAppApplication
DEBUG [2025-04-22 19:31:09,126] org.jdbi.v3.core.Jdbi: Automatically installed plugins [org.jdbi.v3.sqlobject.SqlObjectPlugin@3cd59ef5, org.jdbi.v3.guava.GuavaPlugin@2c2db130]
INFO  [2025-04-22 19:31:09,349] io.dropwizard.core.server.ServerFactory: Starting SampleAppApplication
================================================================================

                              dropwizard

================================================================================

INFO  [2025-04-22 19:31:09,400] org.eclipse.jetty.setuid.SetUIDListener: Opened application@36776c32{HTTP/1.1, (http/1.1)}{0.0.0.0:8080}
INFO  [2025-04-22 19:31:09,400] org.eclipse.jetty.setuid.SetUIDListener: Opened admin@7792d851{HTTP/1.1, (http/1.1)}{0.0.0.0:8081}
INFO  [2025-04-22 19:31:09,401] org.eclipse.jetty.server.Server: jetty-10.0.25; built: 2025-03-13T00:02:39.342Z; git: 96cc25d2f26c3fb61444b801be87640e59cf380e; jvm 17.0.15+6
INFO  [2025-04-22 19:31:09,597] io.dropwizard.jersey.DropwizardResourceConfig: The following paths were found for the configured resources:

    GET     /persons (com.avg.poc.dropwizard.resources.PersonResource)
    POST    /persons (com.avg.poc.dropwizard.resources.PersonResource)
    GET     /persons/{id} (com.avg.poc.dropwizard.resources.PersonResource)

INFO  [2025-04-22 19:31:09,598] org.eclipse.jetty.server.handler.ContextHandler: Started i.d.j.MutableServletContextHandler@28367da7{/,null,AVAILABLE}
INFO  [2025-04-22 19:31:09,600] io.dropwizard.core.setup.AdminEnvironment: tasks = 

    POST    /tasks/log-level (io.dropwizard.servlets.tasks.LogConfigurationTask)
    POST    /tasks/gc (io.dropwizard.servlets.tasks.GarbageCollectionTask)

INFO  [2025-04-22 19:31:09,600] org.eclipse.jetty.server.handler.ContextHandler: Started i.d.j.MutableServletContextHandler@14a1769d{/,null,AVAILABLE}
INFO  [2025-04-22 19:31:09,604] org.eclipse.jetty.server.AbstractConnector: Started application@36776c32{HTTP/1.1, (http/1.1)}{0.0.0.0:8080}
INFO  [2025-04-22 19:31:09,605] org.eclipse.jetty.server.AbstractConnector: Started admin@7792d851{HTTP/1.1, (http/1.1)}{0.0.0.0:8081}
INFO  [2025-04-22 19:31:09,606] org.eclipse.jetty.server.Server: Started Server@4e245739{STARTING}[10.0.25,sto=30000] @1220ms
INFO  [2025-04-22 19:33:08,296] org.eclipse.jetty.server.Server: Stopped Server@4e245739{STOPPING}[10.0.25,sto=30000]
INFO  [2025-04-22 19:33:08,296] org.eclipse.jetty.server.Server: Shutdown Server@4e245739{STOPPING}[10.0.25,sto=30000]
INFO  [2025-04-22 19:33:09,304] org.eclipse.jetty.server.AbstractConnector: Stopped application@36776c32{HTTP/1.1, (http/1.1)}{0.0.0.0:8080}
INFO  [2025-04-22 19:33:09,305] org.eclipse.jetty.server.AbstractConnector: Stopped admin@7792d851{HTTP/1.1, (http/1.1)}{0.0.0.0:8081}
INFO  [2025-04-22 19:33:09,307] org.eclipse.jetty.server.handler.ContextHandler: Stopped i.d.j.MutableServletContextHandler@14a1769d{/,null,STOPPED}
INFO  [2025-04-22 19:33:09,316] org.eclipse.jetty.server.handler.ContextHandler: Stopped i.d.j.MutableServletContextHandler@28367da7{/,null,STOPPED}
INFO  [2025-04-22 19:33:18,416] io.dropwizard.core.server.DefaultServerFactory: Registering jersey handler with root path prefix: /
INFO  [2025-04-22 19:33:18,417] io.dropwizard.core.server.DefaultServerFactory: Registering admin handler with root path prefix: /
INFO  [2025-04-22 19:33:18,417] com.avg.poc.dropwizard.SampleAppApplication: Environment from config: SampleAppApplication
INFO  [2025-04-22 19:33:18,696] io.dropwizard.core.server.ServerFactory: Starting SampleAppApplication
================================================================================

                              dropwizard

================================================================================

INFO  [2025-04-22 19:33:18,744] org.eclipse.jetty.setuid.SetUIDListener: Opened application@494c8f29{HTTP/1.1, (http/1.1)}{0.0.0.0:8080}
INFO  [2025-04-22 19:33:18,744] org.eclipse.jetty.setuid.SetUIDListener: Opened admin@4f379769{HTTP/1.1, (http/1.1)}{0.0.0.0:8081}
INFO  [2025-04-22 19:33:18,744] org.eclipse.jetty.server.Server: jetty-10.0.25; built: 2025-03-13T00:02:39.342Z; git: 96cc25d2f26c3fb61444b801be87640e59cf380e; jvm 17.0.15+6
INFO  [2025-04-22 19:33:18,931] io.dropwizard.jersey.DropwizardResourceConfig: The following paths were found for the configured resources:

    GET     /persons (com.avg.poc.dropwizard.resources.PersonResource)
    POST    /persons (com.avg.poc.dropwizard.resources.PersonResource)
    GET     /persons/{id} (com.avg.poc.dropwizard.resources.PersonResource)

INFO  [2025-04-22 19:33:18,932] org.eclipse.jetty.server.handler.ContextHandler: Started i.d.j.MutableServletContextHandler@781c2497{/,null,AVAILABLE}
INFO  [2025-04-22 19:33:18,933] io.dropwizard.core.setup.AdminEnvironment: tasks = 

    POST    /tasks/log-level (io.dropwizard.servlets.tasks.LogConfigurationTask)
    POST    /tasks/gc (io.dropwizard.servlets.tasks.GarbageCollectionTask)

INFO  [2025-04-22 19:33:18,934] org.eclipse.jetty.server.handler.ContextHandler: Started i.d.j.MutableServletContextHandler@4fe8f2ae{/,null,AVAILABLE}
INFO  [2025-04-22 19:33:18,937] org.eclipse.jetty.server.AbstractConnector: Started application@494c8f29{HTTP/1.1, (http/1.1)}{0.0.0.0:8080}
INFO  [2025-04-22 19:33:18,938] org.eclipse.jetty.server.AbstractConnector: Started admin@4f379769{HTTP/1.1, (http/1.1)}{0.0.0.0:8081}
INFO  [2025-04-22 19:33:18,939] org.eclipse.jetty.server.Server: Started Server@159424e2{STARTING}[10.0.25,sto=30000] @1154ms
