2022-10-11 20:15:21.792  INFO 152286 --- [restartedMain] com.avg.poc.springboot.Application       : Starting Application using Java 11.0.16.1 on LIMC-5490 with PID 152286 (/mnt/data/workspace/DEV/PoC/spring-boot/target/classes started by avictoria in /mnt/data/workspace/DEV/PoC/spring-boot)
2022-10-11 20:15:21.794  INFO 152286 --- [restartedMain] com.avg.poc.springboot.Application       : The following 1 profile is active: "prod"
2022-10-11 20:15:21.818  INFO 152286 --- [restartedMain] .e.DevToolsPropertyDefaultsPostProcessor : Devtools property defaults active! Set 'spring.devtools.add-properties' to 'false' to disable
2022-10-11 20:15:21.818  INFO 152286 --- [restartedMain] .e.DevToolsPropertyDefaultsPostProcessor : For additional web related logging consider setting the 'logging.level.web' property to 'DEBUG'
2022-10-11 20:15:22.118  INFO 152286 --- [restartedMain] .s.d.r.c.RepositoryConfigurationDelegate : Bootstrapping Spring Data JPA repositories in DEFAULT mode.
2022-10-11 20:15:22.139  INFO 152286 --- [restartedMain] .s.d.r.c.RepositoryConfigurationDelegate : Finished Spring Data repository scanning in 16 ms. Found 1 JPA repository interfaces.
2022-10-11 20:15:22.386  INFO 152286 --- [restartedMain] o.s.b.w.embedded.tomcat.TomcatWebServer  : Tomcat initialized with port(s): 8080 (http)
2022-10-11 20:15:22.390  INFO 152286 --- [restartedMain] o.apache.catalina.core.StandardService   : Starting service [Tomcat]
2022-10-11 20:15:22.391  INFO 152286 --- [restartedMain] org.apache.catalina.core.StandardEngine  : Starting Servlet engine: [Apache Tomcat/9.0.65]
2022-10-11 20:15:22.425  INFO 152286 --- [restartedMain] o.a.c.c.C.[Tomcat].[localhost].[/]       : Initializing Spring embedded WebApplicationContext
2022-10-11 20:15:22.425  INFO 152286 --- [restartedMain] w.s.c.ServletWebServerApplicationContext : Root WebApplicationContext: initialization completed in 606 ms
2022-10-11 20:15:22.440  INFO 152286 --- [restartedMain] com.zaxxer.hikari.HikariDataSource       : HikariPool-1 - Starting...
2022-10-11 20:15:22.494  INFO 152286 --- [restartedMain] com.zaxxer.hikari.HikariDataSource       : HikariPool-1 - Start completed.
2022-10-11 20:15:22.500  INFO 152286 --- [restartedMain] o.s.b.a.h2.H2ConsoleAutoConfiguration    : H2 console available at '/h2-console'. Database available at 'jdbc:h2:mem:c6698409-c9fd-4971-8f3e-884a7e62ca82'
2022-10-11 20:15:22.568  INFO 152286 --- [restartedMain] o.hibernate.jpa.internal.util.LogHelper  : HHH000204: Processing PersistenceUnitInfo [name: default]
2022-10-11 20:15:22.596  INFO 152286 --- [restartedMain] org.hibernate.Version                    : HHH000412: Hibernate ORM core version 5.6.10.Final
2022-10-11 20:15:22.673  INFO 152286 --- [restartedMain] o.hibernate.annotations.common.Version   : HCANN000001: Hibernate Commons Annotations {5.1.2.Final}
2022-10-11 20:15:22.731  INFO 152286 --- [restartedMain] org.hibernate.dialect.Dialect            : HHH000400: Using dialect: org.hibernate.dialect.H2Dialect
2022-10-11 20:15:22.973  INFO 152286 --- [restartedMain] o.h.e.t.j.p.i.JtaPlatformInitiator       : HHH000490: Using JtaPlatform implementation: [org.hibernate.engine.transaction.jta.platform.internal.NoJtaPlatform]
2022-10-11 20:15:22.977  INFO 152286 --- [restartedMain] j.LocalContainerEntityManagerFactoryBean : Initialized JPA EntityManagerFactory for persistence unit 'default'
2022-10-11 20:15:23.141  WARN 152286 --- [restartedMain] JpaBaseConfiguration$JpaWebConfiguration : spring.jpa.open-in-view is enabled by default. Therefore, database queries may be performed during view rendering. Explicitly configure spring.jpa.open-in-view to disable this warning
2022-10-11 20:15:23.282  INFO 152286 --- [restartedMain] o.s.b.d.a.OptionalLiveReloadServer       : LiveReload server is running on port 35729
2022-10-11 20:15:23.297  INFO 152286 --- [restartedMain] o.s.b.w.embedded.tomcat.TomcatWebServer  : Tomcat started on port(s): 8080 (http) with context path ''
2022-10-11 20:15:23.304  INFO 152286 --- [restartedMain] com.avg.poc.springboot.Application       : Started Application in 1.806 seconds (JVM running for 2.141)
2022-10-11 20:15:31.028  INFO 152286 --- [SpringApplicationShutdownHook] j.LocalContainerEntityManagerFactoryBean : Closing JPA EntityManagerFactory for persistence unit 'default'
2022-10-11 20:15:31.029  INFO 152286 --- [SpringApplicationShutdownHook] .SchemaDropperImpl$DelayedDropActionImpl : HHH000477: Starting delayed evictData of schema as part of SessionFactory shut-down'
2022-10-11 20:15:31.237  WARN 152286 --- [SpringApplicationShutdownHook] o.s.b.f.support.DisposableBeanAdapter    : Invocation of destroy method failed on bean with name 'inMemoryDatabaseShutdownExecutor': org.h2.jdbc.JdbcSQLNonTransientConnectionException: Database is already closed (to disable automatic closing at VM shutdown, add ";DB_CLOSE_ON_EXIT=FALSE" to the db URL) [90121-214]
2022-10-11 20:15:31.238  INFO 152286 --- [SpringApplicationShutdownHook] com.zaxxer.hikari.HikariDataSource       : HikariPool-1 - Shutdown initiated...
2022-10-11 20:15:31.240  INFO 152286 --- [SpringApplicationShutdownHook] com.zaxxer.hikari.HikariDataSource       : HikariPool-1 - Shutdown completed.
